  Graphics.cpp
F:\C++\My_projects\GraphicsLibrary\geometry.h(113,39): error C2296: "^": недопустимо, поскольку тип левого операнда — "double"
  (компиляция исходного файла "Graphics.cpp")
  
F:\C++\My_projects\GraphicsLibrary\geometry.h(141,33): error C2296: "^": недопустимо, поскольку тип левого операнда — "double"
  (компиляция исходного файла "Graphics.cpp")
  
F:\C++\My_projects\GraphicsLibrary\geometry.h(141,33): error C2297: "^": недопустимо, поскольку тип правого операнда — "double"
  (компиляция исходного файла "Graphics.cpp")
  
F:\C++\My_projects\GraphicsLibrary\Graphics.cpp(49,37): warning C4244: аргумент: преобразование "float" в "int", возможна потеря данных
F:\C++\My_projects\GraphicsLibrary\Graphics.cpp(49,30): warning C4244: аргумент: преобразование "float" в "int", возможна потеря данных
F:\C++\My_projects\GraphicsLibrary\Graphics.cpp(265,20): warning C4002: слишком много аргументов для вызова макроса, подобного функции, "min"
F:\C++\My_projects\GraphicsLibrary\Graphics.cpp(266,20): warning C4002: слишком много аргументов для вызова макроса, подобного функции, "min"
F:\C++\My_projects\GraphicsLibrary\Graphics.cpp(267,20): warning C4002: слишком много аргументов для вызова макроса, подобного функции, "max"
F:\C++\My_projects\GraphicsLibrary\Graphics.cpp(268,20): warning C4002: слишком много аргументов для вызова макроса, подобного функции, "max"
F:\C++\My_projects\GraphicsLibrary\Graphics.cpp(299,20): warning C4002: слишком много аргументов для вызова макроса, подобного функции, "min"
F:\C++\My_projects\GraphicsLibrary\Graphics.cpp(300,20): warning C4002: слишком много аргументов для вызова макроса, подобного функции, "min"
F:\C++\My_projects\GraphicsLibrary\Graphics.cpp(301,20): warning C4002: слишком много аргументов для вызова макроса, подобного функции, "max"
F:\C++\My_projects\GraphicsLibrary\Graphics.cpp(302,20): warning C4002: слишком много аргументов для вызова макроса, подобного функции, "max"
  Main.cpp
F:\C++\My_projects\GraphicsLibrary\geometry.h(113,39): error C2296: "^": недопустимо, поскольку тип левого операнда — "double"
  (компиляция исходного файла "Main.cpp")
  
F:\C++\My_projects\GraphicsLibrary\geometry.h(141,33): error C2296: "^": недопустимо, поскольку тип левого операнда — "double"
  (компиляция исходного файла "Main.cpp")
  
F:\C++\My_projects\GraphicsLibrary\geometry.h(141,33): error C2297: "^": недопустимо, поскольку тип правого операнда — "double"
  (компиляция исходного файла "Main.cpp")
  
F:\C++\My_projects\GraphicsLibrary\Main.cpp(24,15): warning C4244: аргумент: преобразование "time_t" в "unsigned int", возможна потеря данных
  Создание кода...
